<?xml version="1.0" encoding="UTF-8"?>
<testsuite xmlns:xsi="http://www.w3.org/2001/XMLSchema-instance" xsi:noNamespaceSchemaLocation="https://maven.apache.org/surefire/maven-surefire-plugin/xsd/surefire-test-report.xsd" name="TestSuite" time="15.279" tests="59" errors="0" skipped="0" failures="0">
  <properties>
[...]
</properties>
  <testcase name="checkstatuscode" classname="Crud.Get" time="0.004"/>
  <testcase name="checkbody" classname="Crud.Get" time="0.572"/>
  <testcase name="contenttype" classname="Crud.Get" time="0"/>
  <testcase name="checklincode" classname="Crud.Get" time="0.001"/>
  <testcase name="post" classname="Crud.Post" time="0.35"/>
  <testcase name="post" classname="Crud.Post" time="0.34"/>
  <testcase name="post" classname="Crud.Post" time="0.355"/>
  <testcase name="checkstatuscode" classname="Crud.Post" time="0"/>
  <testcase name="checkbody" classname="Crud.Post" time="0.012"/>
  <testcase name="contenttype" classname="Crud.Post" time="0.001"/>
  <testcase name="checklincode" classname="Crud.Post" time="0"/>
  <testcase name="checkstatuscode" classname="Crud.Delete" time="0"/>
  <testcase name="contenttype" classname="Crud.Delete" time="0.001"/>
  <testcase name="checkstatuscode" classname="Crud.Put" time="0.001"/>
  <testcase name="checkbody" classname="Crud.Put" time="0.032"/>
  <testcase name="contenttype" classname="Crud.Put" time="0.001"/>
  <testcase name="checkstatuscode" classname="Crud.GetSingleUser" time="0"/>
  <testcase name="checkbody" classname="Crud.GetSingleUser" time="0.013"/>
  <testcase name="contenttype" classname="Crud.GetSingleUser" time="0"/>
  <testcase name="checklincode" classname="Crud.GetSingleUser" time="0"/>
  <testcase name="checkstatuscode" classname="Crud.SingleUserNotFound" time="0.001"/>
  <testcase name="contenttype" classname="Crud.SingleUserNotFound" time="0.003"/>
  <testcase name="checklincode" classname="Crud.SingleUserNotFound" time="0.001"/>
  <testcase name="checkstatuscode" classname="Crud.SingleResources" time="0"/>
  <testcase name="checkbody" classname="Crud.SingleResources" time="0.04"/>
  <testcase name="contenttype" classname="Crud.SingleResources" time="0.001"/>
  <testcase name="checklincode" classname="Crud.SingleResources" time="0.001"/>
  <testcase name="checkstatuscode" classname="Crud.Listusers" time="0.001"/>
  <testcase name="checkbody" classname="Crud.Listusers" time="0.078"/>
  <testcase name="contenttype" classname="Crud.Listusers" time="0"/>
  <testcase name="checklincode" classname="Crud.Listusers" time="0.001"/>
  <testcase name="post" classname="Crud.RegisterPost" time="0.648"/>
  <testcase name="post" classname="Crud.RegisterPost" time="0.355"/>
  <testcase name="post" classname="Crud.RegisterPost" time="0.347"/>
  <testcase name="checkstatuscode" classname="Crud.RegisterPost" time="0.001"/>
  <testcase name="checkbody" classname="Crud.RegisterPost" time="0.033"/>
  <testcase name="contenttype" classname="Crud.RegisterPost" time="0.001"/>
  <testcase name="checklincode" classname="Crud.RegisterPost" time="0.001"/>
  <testcase name="post" classname="Crud.LoginPost" time="0.367"/>
  <testcase name="post" classname="Crud.LoginPost" time="0.363"/>
  <testcase name="post" classname="Crud.LoginPost" time="0.722"/>
  <testcase name="checkstatuscode" classname="Crud.LoginPost" time="0"/>
  <testcase name="checkbody" classname="Crud.LoginPost" time="0.009"/>
  <testcase name="contenttype" classname="Crud.LoginPost" time="0"/>
  <testcase name="checklincode" classname="Crud.LoginPost" time="0"/>
  <testcase name="post" classname="Crud.UnLogin" time="0.377"/>
  <testcase name="post" classname="Crud.UnLogin" time="0.437"/>
  <testcase name="post" classname="Crud.UnLogin" time="0.399"/>
  <testcase name="checkstatuscode" classname="Crud.UnLogin" time="0.001"/>
  <testcase name="checkbody" classname="Crud.UnLogin" time="0.028"/>
  <testcase name="contenttype" classname="Crud.UnLogin" time="0.001"/>
  <testcase name="checklincode" classname="Crud.UnLogin" time="0.001"/>
  <testcase name="checkstatuscode" classname="Crud.GetDelay" time="0.001"/>
  <testcase name="checkbody" classname="Crud.GetDelay" time="0.033"/>
  <testcase name="contenttype" classname="Crud.GetDelay" time="0.002"/>
  <testcase name="checklincode" classname="Crud.GetDelay" time="0.001"/>
  <testcase name="checkstatuscode" classname="Crud.SinglResourcesNotFound" time="0"/>
  <testcase name="contenttype" classname="Crud.SinglResourcesNotFound" time="0.003"/>
  <testcase name="checklincode" classname="Crud.SinglResourcesNotFound" time="0.002"/>
</testsuite>