<?xml version="1.0" encoding="UTF-8"?>
<!-- Generated by org.testng.reporters.JUnitReportReporter -->
<testsuite hostname="DESKTOP-DIA066U" failures="0" tests="3" name="Crud.Put" time="0.030" errors="0" timestamp="2022-04-03T12:45:23 EET" skipped="0">
  <testcase classname="Crud.Put" name="checkstatuscode" time="0.000"/>
  <system-out/>
  <testcase classname="Crud.Put" name="checkbody" time="0.030"/>
  <system-out/>
  <testcase classname="Crud.Put" name="contenttype" time="0.000"/>
  <system-out/>
</testsuite> <!-- Crud.Put -->
