<?xml version="1.0" encoding="UTF-8"?>
<!-- Generated by org.testng.reporters.JUnitXMLReporter -->
<testsuite ignored="0" hostname="DESKTOP-DIA066U" failures="0" tests="59" name="test" time="14.449" errors="0" timestamp="2022-04-03T12:45:23 EET">
  <testcase classname="Crud.Get" name="checkstatuscode" time="0.003"/>
  <testcase classname="Crud.Get" name="checkbody" time="0.571"/>
  <testcase classname="Crud.Get" name="contenttype" time="0.001"/>
  <testcase classname="Crud.Get" name="checklincode" time="0.0"/>
  <testcase classname="Crud.Post" name="post" time="0.351"/>
  <testcase classname="Crud.Post" name="post" time="0.339"/>
  <testcase classname="Crud.Post" name="post" time="0.356"/>
  <testcase classname="Crud.Post" name="checkstatuscode" time="0.0"/>
  <testcase classname="Crud.Post" name="checkbody" time="0.012"/>
  <testcase classname="Crud.Post" name="contenttype" time="0.0"/>
  <testcase classname="Crud.Post" name="checklincode" time="0.001"/>
  <testcase classname="Crud.Delete" name="checkstatuscode" time="0.0"/>
  <testcase classname="Crud.Delete" name="contenttype" time="0.0"/>
  <testcase classname="Crud.Put" name="checkstatuscode" time="0.0"/>
  <testcase classname="Crud.Put" name="checkbody" time="0.03"/>
  <testcase classname="Crud.Put" name="contenttype" time="0.0"/>
  <testcase classname="Crud.GetSingleUser" name="checkstatuscode" time="0.001"/>
  <testcase classname="Crud.GetSingleUser" name="checkbody" time="0.013"/>
  <testcase classname="Crud.GetSingleUser" name="contenttype" time="0.0"/>
  <testcase classname="Crud.GetSingleUser" name="checklincode" time="0.001"/>
  <testcase classname="Crud.SingleUserNotFound" name="checkstatuscode" time="0.001"/>
  <testcase classname="Crud.SingleUserNotFound" name="contenttype" time="0.001"/>
  <testcase classname="Crud.SingleUserNotFound" name="checklincode" time="0.0"/>
  <testcase classname="Crud.SingleResources" name="checkstatuscode" time="0.001"/>
  <testcase classname="Crud.SingleResources" name="checkbody" time="0.037"/>
  <testcase classname="Crud.SingleResources" name="contenttype" time="0.0"/>
  <testcase classname="Crud.SingleResources" name="checklincode" time="0.0"/>
  <testcase classname="Crud.Listusers" name="checkstatuscode" time="0.001"/>
  <testcase classname="Crud.Listusers" name="checkbody" time="0.074"/>
  <testcase classname="Crud.Listusers" name="contenttype" time="0.0"/>
  <testcase classname="Crud.Listusers" name="checklincode" time="0.001"/>
  <testcase classname="Crud.RegisterPost" name="post" time="0.648"/>
  <testcase classname="Crud.RegisterPost" name="post" time="0.355"/>
  <testcase classname="Crud.RegisterPost" name="post" time="0.347"/>
  <testcase classname="Crud.RegisterPost" name="checkstatuscode" time="0.001"/>
  <testcase classname="Crud.RegisterPost" name="checkbody" time="0.03"/>
  <testcase classname="Crud.RegisterPost" name="contenttype" time="0.0"/>
  <testcase classname="Crud.RegisterPost" name="checklincode" time="0.0"/>
  <testcase classname="Crud.LoginPost" name="post" time="0.368"/>
  <testcase classname="Crud.LoginPost" name="post" time="0.364"/>
  <testcase classname="Crud.LoginPost" name="post" time="0.722"/>
  <testcase classname="Crud.LoginPost" name="checkstatuscode" time="0.0"/>
  <testcase classname="Crud.LoginPost" name="checkbody" time="0.009"/>
  <testcase classname="Crud.LoginPost" name="contenttype" time="0.0"/>
  <testcase classname="Crud.LoginPost" name="checklincode" time="0.0"/>
  <testcase classname="Crud.UnLogin" name="post" time="0.377"/>
  <testcase classname="Crud.UnLogin" name="post" time="0.437"/>
  <testcase classname="Crud.UnLogin" name="post" time="0.399"/>
  <testcase classname="Crud.UnLogin" name="checkstatuscode" time="0.0"/>
  <testcase classname="Crud.UnLogin" name="checkbody" time="0.029"/>
  <testcase classname="Crud.UnLogin" name="contenttype" time="0.0"/>
  <testcase classname="Crud.UnLogin" name="checklincode" time="0.0"/>
  <testcase classname="Crud.GetDelay" name="checkstatuscode" time="0.001"/>
  <testcase classname="Crud.GetDelay" name="checkbody" time="0.03"/>
  <testcase classname="Crud.GetDelay" name="contenttype" time="0.001"/>
  <testcase classname="Crud.GetDelay" name="checklincode" time="0.001"/>
  <testcase classname="Crud.SinglResourcesNotFound" name="checkstatuscode" time="0.0"/>
  <testcase classname="Crud.SinglResourcesNotFound" name="contenttype" time="0.001"/>
  <testcase classname="Crud.SinglResourcesNotFound" name="checklincode" time="0.0"/>
</testsuite> <!-- test -->
